<?xml version="1.0" encoding="UTF-8"?>
<testng-results skipped="0" failed="0" ignored="0" total="1" passed="1">
  <reporter-output>
  </reporter-output>
  <suite name="Default suite" duration-ms="63" started-at="2018-02-26T10:16:47Z" finished-at="2018-02-26T10:16:47Z">
    <groups>
    </groups>
    <test name="Default test" duration-ms="63" started-at="2018-02-26T10:16:47Z" finished-at="2018-02-26T10:16:47Z">
      <class name="com.test.TestNGBasics">
        <test-method status="PASS" signature="MaximizeBrowser()[pri:0, instance:com.test.TestNGBasics@5f282abb]" name="MaximizeBrowser" is-config="true" duration-ms="24" started-at="2018-02-26T15:46:47Z" finished-at="2018-02-26T15:46:47Z">
          <reporter-output>
          </reporter-output>
        </test-method> <!-- MaximizeBrowser -->
        <test-method status="PASS" signature="LaunchBrowser()[pri:0, instance:com.test.TestNGBasics@5f282abb]" name="LaunchBrowser" is-config="true" duration-ms="0" started-at="2018-02-26T15:46:47Z" finished-at="2018-02-26T15:46:47Z">
          <reporter-output>
          </reporter-output>
        </test-method> <!-- LaunchBrowser -->
        <test-method status="PASS" signature="EnterURL()[pri:0, instance:com.test.TestNGBasics@5f282abb]" name="EnterURL" is-config="true" duration-ms="1" started-at="2018-02-26T15:46:47Z" finished-at="2018-02-26T15:46:47Z">
          <reporter-output>
          </reporter-output>
        </test-method> <!-- EnterURL -->
        <test-method status="PASS" signature="Login()[pri:0, instance:com.test.TestNGBasics@5f282abb]" name="Login" duration-ms="8" started-at="2018-02-26T15:46:47Z" finished-at="2018-02-26T15:46:47Z">
          <reporter-output>
          </reporter-output>
        </test-method> <!-- Login -->
      </class> <!-- com.test.TestNGBasics -->
    </test> <!-- Default test -->
  </suite> <!-- Default suite -->
</testng-results>
